d:\progetti\sdlgame\sdl_tesi\sdlgametesi\x64\release\vc143.pdb
d:\progetti\sdlgame\sdl_tesi\sdlgametesi\x64\release\world.obj
d:\progetti\sdlgame\sdl_tesi\sdlgametesi\x64\release\vector2.obj
d:\progetti\sdlgame\sdl_tesi\sdlgametesi\x64\release\texturemanager.obj
d:\progetti\sdlgame\sdl_tesi\sdlgametesi\x64\release\main.obj
d:\progetti\sdlgame\sdl_tesi\sdlgametesi\x64\release\staticbody.obj
d:\progetti\sdlgame\sdl_tesi\sdlgametesi\x64\release\math.obj
d:\progetti\sdlgame\sdl_tesi\sdlgametesi\x64\release\graphics.obj
d:\progetti\sdlgame\sdl_tesi\sdlgametesi\x64\release\gameobject.obj
d:\progetti\sdlgame\sdl_tesi\sdlgametesi\x64\release\game.obj
d:\progetti\sdlgame\sdl_tesi\sdlgametesi\x64\release\dynamicbody.obj
d:\progetti\sdlgame\sdl_tesi\sdlgametesi\x64\release\collision.obj
d:\progetti\sdlgame\sdl_tesi\x64\release\sdlgametesi.exe
d:\progetti\sdlgame\sdl_tesi\sdlgametesi\x64\release\sdlgametesi.ipdb
d:\progetti\sdlgame\sdl_tesi\x64\release\sdlgametesi.pdb
d:\progetti\sdlgame\sdl_tesi\sdlgametesi\x64\release\sdlgametesi.iobj
d:\progetti\sdlgame\sdl_tesi\sdlgametesi\x64\release\sdlgametesi.tlog\cl.command.1.tlog
d:\progetti\sdlgame\sdl_tesi\sdlgametesi\x64\release\sdlgametesi.tlog\cl.read.1.tlog
d:\progetti\sdlgame\sdl_tesi\sdlgametesi\x64\release\sdlgametesi.tlog\cl.write.1.tlog
d:\progetti\sdlgame\sdl_tesi\sdlgametesi\x64\release\sdlgametesi.tlog\link.command.1.tlog
d:\progetti\sdlgame\sdl_tesi\sdlgametesi\x64\release\sdlgametesi.tlog\link.read.1.tlog
d:\progetti\sdlgame\sdl_tesi\sdlgametesi\x64\release\sdlgametesi.tlog\link.write.1.tlog
